Removing uri version main
Loading uri version main
NOTE: The modules under this branch will not run on the login node. Use
--constraint=avx512 for sbatch or srun sessions. 
[1;32mFunctional annotation of hits...[0m
500 233.58604431152344 2.14 q/s (% mem usage: 4.40, % mem avail: 95.60)
1000 460.7122480869293 2.17 q/s (% mem usage: 4.80, % mem avail: 95.22)
1500 691.5530807971954 2.17 q/s (% mem usage: 4.80, % mem avail: 95.22)
2000 944.3228242397308 2.12 q/s (% mem usage: 4.70, % mem avail: 95.31)
2500 1151.8884398937225 2.17 q/s (% mem usage: 3.90, % mem avail: 96.05)
3000 1359.0789535045624 2.21 q/s (% mem usage: 4.20, % mem avail: 95.80)
3500 1565.7663187980652 2.24 q/s (% mem usage: 3.90, % mem avail: 96.10)
4000 1777.2122180461884 2.25 q/s (% mem usage: 3.90, % mem avail: 96.06)
4500 1997.6533467769623 2.25 q/s (% mem usage: 3.90, % mem avail: 96.09)
5000 2217.100327014923 2.26 q/s (% mem usage: 4.00, % mem avail: 95.96)
5500 2423.3114020824432 2.27 q/s (% mem usage: 4.10, % mem avail: 95.93)
6000 2661.5838990211487 2.25 q/s (% mem usage: 4.00, % mem avail: 96.02)
6500 2918.4453196525574 2.23 q/s (% mem usage: 4.00, % mem avail: 96.00)
7000 3067.6342000961304 2.28 q/s (% mem usage: 4.00, % mem avail: 95.96)
7500 3242.7339923381805 2.31 q/s (% mem usage: 4.00, % mem avail: 95.96)
8000 3445.450407266617 2.32 q/s (% mem usage: 4.00, % mem avail: 95.95)
8500 3646.2822868824005 2.33 q/s (% mem usage: 4.10, % mem avail: 95.93)
9000 3856.866484642029 2.33 q/s (% mem usage: 4.10, % mem avail: 95.93)
9500 4050.5415670871735 2.35 q/s (% mem usage: 4.10, % mem avail: 95.92)
10000 4256.753743171692 2.35 q/s (% mem usage: 4.10, % mem avail: 95.94)
10500 4447.89031624794 2.36 q/s (% mem usage: 4.10, % mem avail: 95.94)
11000 4656.617362737656 2.36 q/s (% mem usage: 4.10, % mem avail: 95.91)
11500 4916.783007383347 2.34 q/s (% mem usage: 4.60, % mem avail: 95.44)
12000 5105.358434200287 2.35 q/s (% mem usage: 4.50, % mem avail: 95.46)
12500 5317.072777748108 2.35 q/s (% mem usage: 4.50, % mem avail: 95.48)
13000 5547.034333229065 2.34 q/s (% mem usage: 4.50, % mem avail: 95.48)
13500 5770.048696041107 2.34 q/s (% mem usage: 4.50, % mem avail: 95.48)
14000 5981.561573266983 2.34 q/s (% mem usage: 4.50, % mem avail: 95.49)
14500 6187.740666627884 2.34 q/s (% mem usage: 5.10, % mem avail: 94.94)
15000 6402.439975976944 2.34 q/s (% mem usage: 5.30, % mem avail: 94.73)
15500 6618.562553882599 2.34 q/s (% mem usage: 5.20, % mem avail: 94.79)
16000 6816.691397190094 2.35 q/s (% mem usage: 5.30, % mem avail: 94.72)
